<?xml version="1.0" encoding="UTF-8"?>
<!-- Generated by org.testng.reporters.JUnitXMLReporter -->
<testsuite ignored="0" hostname="LAPTOP-2RFE2DQG" failures="0" tests="3" name="Default test" time="43.45" errors="0" timestamp="19 Oct 2020 20:19:33 GMT">
  <testcase classname="com.qa.testcases.LoginPageTest" name="loginPageTitleTest" time="0.019"/>
  <testcase classname="com.qa.testcases.LoginPageTest" name="walmartImageTest" time="0.089"/>
  <testcase classname="com.qa.testcases.LoginPageTest" name="loginTest" time="0.383"/>
</testsuite> <!-- Default test -->
