<?xml version="1.0" encoding="UTF-8"?>
<testng-results ignored="0" total="3" passed="3" failed="0" skipped="0">
  <reporter-output>
  </reporter-output>
  <suite started-at="2020-10-19T20:18:49Z" name="Default suite" finished-at="2020-10-19T20:19:33Z" duration-ms="43450">
    <groups>
    </groups>
    <test started-at="2020-10-19T20:18:49Z" name="Default test" finished-at="2020-10-19T20:19:33Z" duration-ms="43450">
      <class name="com.qa.testcases.LoginPageTest">
        <test-method is-config="true" signature="setUp()[pri:0, instance:com.qa.testcases.LoginPageTest@4032d386]" started-at="2020-10-19T20:18:49Z" name="setUp" finished-at="2020-10-19T20:19:08Z" duration-ms="18752" status="PASS">
          <reporter-output>
          </reporter-output>
        </test-method> <!-- setUp -->
        <test-method signature="loginPageTitleTest()[pri:1, instance:com.qa.testcases.LoginPageTest@4032d386]" started-at="2020-10-19T20:19:08Z" name="loginPageTitleTest" finished-at="2020-10-19T20:19:08Z" duration-ms="19" status="PASS">
          <reporter-output>
          </reporter-output>
        </test-method> <!-- loginPageTitleTest -->
        <test-method is-config="true" signature="tearDown()[pri:0, instance:com.qa.testcases.LoginPageTest@4032d386]" started-at="2020-10-19T20:19:08Z" name="tearDown" finished-at="2020-10-19T20:19:09Z" duration-ms="745" status="PASS">
          <reporter-output>
          </reporter-output>
        </test-method> <!-- tearDown -->
        <test-method is-config="true" signature="setUp()[pri:0, instance:com.qa.testcases.LoginPageTest@4032d386]" started-at="2020-10-19T20:19:09Z" name="setUp" finished-at="2020-10-19T20:19:21Z" duration-ms="12273" status="PASS">
          <reporter-output>
          </reporter-output>
        </test-method> <!-- setUp -->
        <test-method signature="walmartImageTest()[pri:2, instance:com.qa.testcases.LoginPageTest@4032d386]" started-at="2020-10-19T20:19:21Z" name="walmartImageTest" finished-at="2020-10-19T20:19:21Z" duration-ms="89" status="PASS">
          <reporter-output>
          </reporter-output>
        </test-method> <!-- walmartImageTest -->
        <test-method is-config="true" signature="tearDown()[pri:0, instance:com.qa.testcases.LoginPageTest@4032d386]" started-at="2020-10-19T20:19:21Z" name="tearDown" finished-at="2020-10-19T20:19:22Z" duration-ms="733" status="PASS">
          <reporter-output>
          </reporter-output>
        </test-method> <!-- tearDown -->
        <test-method is-config="true" signature="setUp()[pri:0, instance:com.qa.testcases.LoginPageTest@4032d386]" started-at="2020-10-19T20:19:22Z" name="setUp" finished-at="2020-10-19T20:19:32Z" duration-ms="9701" status="PASS">
          <reporter-output>
          </reporter-output>
        </test-method> <!-- setUp -->
        <test-method signature="loginTest()[pri:3, instance:com.qa.testcases.LoginPageTest@4032d386]" started-at="2020-10-19T20:19:32Z" name="loginTest" finished-at="2020-10-19T20:19:32Z" duration-ms="383" status="PASS">
          <reporter-output>
          </reporter-output>
        </test-method> <!-- loginTest -->
        <test-method is-config="true" signature="tearDown()[pri:0, instance:com.qa.testcases.LoginPageTest@4032d386]" started-at="2020-10-19T20:19:32Z" name="tearDown" finished-at="2020-10-19T20:19:33Z" duration-ms="720" status="PASS">
          <reporter-output>
          </reporter-output>
        </test-method> <!-- tearDown -->
      </class> <!-- com.qa.testcases.LoginPageTest -->
    </test> <!-- Default test -->
  </suite> <!-- Default suite -->
</testng-results>
